d:\users\duncan\documents\visual studio 2015\projects\vc_dx12_lib\vc_dx12_lib\x64\debug\vc_dx12_lib.pch
d:\users\duncan\documents\visual studio 2015\projects\vc_dx12_lib\vc_dx12_lib\x64\debug\vc140.pdb
d:\users\duncan\documents\visual studio 2015\projects\vc_dx12_lib\vc_dx12_lib\x64\debug\vc140.idb
d:\users\duncan\documents\visual studio 2015\projects\vc_dx12_lib\vc_dx12_lib\x64\debug\stdafx.obj
d:\users\duncan\documents\visual studio 2015\projects\vc_dx12_lib\vc_dx12_lib\x64\debug\rendermanager.obj
d:\users\duncan\documents\visual studio 2015\projects\vc_dx12_lib\vc_dx12_lib\x64\debug\rendertarget.obj
d:\users\duncan\documents\visual studio 2015\projects\vc_dx12_lib\vc_dx12_lib\x64\debug\rendertargetcolour.obj
d:\users\duncan\documents\visual studio 2015\projects\vc_dx12_lib\vc_dx12_lib\x64\debug\rendertargetdepth.obj
d:\users\duncan\documents\visual studio 2015\projects\vc_dx12_lib\vc_dx12_lib\x64\debug\texture.obj
d:\users\duncan\documents\visual studio 2015\projects\vc_dx12_lib\vc_dx12_lib\x64\debug\vc_dx12_lib.obj
d:\users\duncan\documents\visual studio 2015\projects\vc_dx12_lib\vc_dx12_lib\x64\debug\vertexbuffer.obj
d:\users\duncan\documents\visual studio 2015\projects\vc_dx12_lib\vc_dx12_lib\x64\debug\appmanager.obj
d:\users\duncan\documents\visual studio 2015\projects\vc_dx12_lib\vc_dx12_lib\x64\debug\shader.obj
e:\github\vc_dx12lib\vc_dx12_lib\x64\debug\vc_dx12_lib.pch
e:\github\vc_dx12lib\vc_dx12_lib\x64\debug\vc140.pdb
e:\github\vc_dx12lib\vc_dx12_lib\x64\debug\vc140.idb
e:\github\vc_dx12lib\vc_dx12_lib\x64\debug\stdafx.obj
e:\github\vc_dx12lib\vc_dx12_lib\x64\debug\appmanager.obj
e:\github\vc_dx12lib\vc_dx12_lib\x64\debug\rendermanager.obj
e:\github\vc_dx12lib\vc_dx12_lib\x64\debug\rendertarget.obj
e:\github\vc_dx12lib\vc_dx12_lib\x64\debug\rendertargetcolour.obj
e:\github\vc_dx12lib\vc_dx12_lib\x64\debug\rendertargetdepth.obj
e:\github\vc_dx12lib\vc_dx12_lib\x64\debug\shader.obj
e:\github\vc_dx12lib\vc_dx12_lib\x64\debug\texture.obj
e:\github\vc_dx12lib\vc_dx12_lib\x64\debug\vc_dx12_lib.obj
e:\github\vc_dx12lib\vc_dx12_lib\x64\debug\vertexbuffer.obj
e:\github\vc_dx12lib\vc_dx12_lib\x64\debug\material.obj
d:\users\duncan\documents\visual studio 2015\projects\vc_dx12_lib\x64\debug\vc_dx12_lib.ilk
d:\users\duncan\documents\visual studio 2015\projects\vc_dx12_lib\x64\debug\vc_dx12_lib.exe
d:\users\duncan\documents\visual studio 2015\projects\vc_dx12_lib\x64\debug\vc_dx12_lib.pdb
e:\github\vc_dx12lib\x64\debug\vc_dx12_lib.ilk
e:\github\vc_dx12lib\x64\debug\vc_dx12_lib.exe
e:\github\vc_dx12lib\x64\debug\vc_dx12_lib.pdb
d:\users\duncan\documents\visual studio 2015\projects\vc_dx12_lib\vc_dx12_lib\x64\debug\vc_dx12_lib.res
e:\github\vc_dx12lib\vc_dx12_lib\x64\debug\vc_dx12_lib.res
e:\github\vc_dx12lib\vc_dx12_lib\x64\debug\vc_dx12_lib.tlog\cl.command.1.tlog
e:\github\vc_dx12lib\vc_dx12_lib\x64\debug\vc_dx12_lib.tlog\cl.read.1.tlog
e:\github\vc_dx12lib\vc_dx12_lib\x64\debug\vc_dx12_lib.tlog\cl.write.1.tlog
e:\github\vc_dx12lib\vc_dx12_lib\x64\debug\vc_dx12_lib.tlog\link.command.1.tlog
e:\github\vc_dx12lib\vc_dx12_lib\x64\debug\vc_dx12_lib.tlog\link.read.1.tlog
e:\github\vc_dx12lib\vc_dx12_lib\x64\debug\vc_dx12_lib.tlog\link.write.1.tlog
e:\github\vc_dx12lib\vc_dx12_lib\x64\debug\vc_dx12_lib.tlog\rc.command.1.tlog
e:\github\vc_dx12lib\vc_dx12_lib\x64\debug\vc_dx12_lib.tlog\rc.read.1.tlog
e:\github\vc_dx12lib\vc_dx12_lib\x64\debug\vc_dx12_lib.tlog\rc.write.1.tlog
